<?xml version="1.0" encoding="UTF-8"?>
<testsuite xmlns:xsi="http://www.w3.org/2001/XMLSchema-instance" xsi:noNamespaceSchemaLocation="https://maven.apache.org/surefire/maven-surefire-plugin/xsd/surefire-test-report.xsd" name="com.gupaoedu.user.AppTest" time="0.075" tests="1" errors="0" skipped="0" failures="0">
  <properties>
    <property name="sun.desktop" value="windows"/>
    <property name="awt.toolkit" value="sun.awt.windows.WToolkit"/>
    <property name="file.encoding.pkg" value="sun.io"/>
    <property name="java.specification.version" value="1.8"/>
    <property name="sun.cpu.isalist" value="amd64"/>
    <property name="sun.jnu.encoding" value="GBK"/>
    <property name="java.class.path" value="G:\my-space\user-service\user-api\target\test-classes;G:\my-space\user-service\user-api\target\classes;D:\fanglixia\mavenrepository\junit\junit\4.11\junit-4.11.jar;D:\fanglixia\mavenrepository\org\hamcrest\hamcrest-core\1.3\hamcrest-core-1.3.jar;"/>
    <property name="java.vm.vendor" value="Oracle Corporation"/>
    <property name="sun.arch.data.model" value="64"/>
    <property name="user.variant" value=""/>
    <property name="java.vendor.url" value="http://java.oracle.com/"/>
    <property name="user.timezone" value=""/>
    <property name="java.vm.specification.version" value="1.8"/>
    <property name="os.name" value="Windows 10"/>
    <property name="user.country" value="CN"/>
    <property name="sun.java.launcher" value="SUN_STANDARD"/>
    <property name="sun.boot.library.path" value="F:\kit\jdk\jdk1.8.0_92-64\jre\bin"/>
    <property name="sun.java.command" value="C:\Users\thinkpad\AppData\Local\Temp\surefire9212797753045001565\surefirebooter8715953322490677480.jar C:\Users\thinkpad\AppData\Local\Temp\surefire9212797753045001565 2018-07-01T16-30-52_600-jvmRun1 surefire6999424114855311074tmp surefire_03196363554891741856tmp"/>
    <property name="surefire.test.class.path" value="G:\my-space\user-service\user-api\target\test-classes;G:\my-space\user-service\user-api\target\classes;D:\fanglixia\mavenrepository\junit\junit\4.11\junit-4.11.jar;D:\fanglixia\mavenrepository\org\hamcrest\hamcrest-core\1.3\hamcrest-core-1.3.jar;"/>
    <property name="sun.cpu.endian" value="little"/>
    <property name="user.home" value="C:\Users\thinkpad"/>
    <property name="user.language" value="zh"/>
    <property name="java.specification.vendor" value="Oracle Corporation"/>
    <property name="java.home" value="F:\kit\jdk\jdk1.8.0_92-64\jre"/>
    <property name="basedir" value="G:\my-space\user-service\user-api"/>
    <property name="file.separator" value="\"/>
    <property name="line.separator" value="&#10;"/>
    <property name="java.vm.specification.vendor" value="Oracle Corporation"/>
    <property name="java.specification.name" value="Java Platform API Specification"/>
    <property name="java.awt.graphicsenv" value="sun.awt.Win32GraphicsEnvironment"/>
    <property name="surefire.real.class.path" value="C:\Users\thinkpad\AppData\Local\Temp\surefire9212797753045001565\surefirebooter8715953322490677480.jar"/>
    <property name="sun.boot.class.path" value="F:\kit\jdk\jdk1.8.0_92-64\jre\lib\resources.jar;F:\kit\jdk\jdk1.8.0_92-64\jre\lib\rt.jar;F:\kit\jdk\jdk1.8.0_92-64\jre\lib\sunrsasign.jar;F:\kit\jdk\jdk1.8.0_92-64\jre\lib\jsse.jar;F:\kit\jdk\jdk1.8.0_92-64\jre\lib\jce.jar;F:\kit\jdk\jdk1.8.0_92-64\jre\lib\charsets.jar;F:\kit\jdk\jdk1.8.0_92-64\jre\lib\jfr.jar;F:\kit\jdk\jdk1.8.0_92-64\jre\classes"/>
    <property name="user.script" value=""/>
    <property name="sun.management.compiler" value="HotSpot 64-Bit Tiered Compilers"/>
    <property name="java.runtime.version" value="1.8.0_92-b14"/>
    <property name="user.name" value="thinkpad"/>
    <property name="path.separator" value=";"/>
    <property name="os.version" value="10.0"/>
    <property name="java.endorsed.dirs" value="F:\kit\jdk\jdk1.8.0_92-64\jre\lib\endorsed"/>
    <property name="java.runtime.name" value="Java(TM) SE Runtime Environment"/>
    <property name="file.encoding" value="GBK"/>
    <property name="java.vm.name" value="Java HotSpot(TM) 64-Bit Server VM"/>
    <property name="localRepository" value="D:\fanglixia\mavenrepository"/>
    <property name="java.vendor.url.bug" value="http://bugreport.sun.com/bugreport/"/>
    <property name="java.io.tmpdir" value="C:\Users\thinkpad\AppData\Local\Temp\"/>
    <property name="idea.version" value="2017.3.1"/>
    <property name="java.version" value="1.8.0_92"/>
    <property name="user.dir" value="G:\my-space\user-service\user-api"/>
    <property name="os.arch" value="amd64"/>
    <property name="java.vm.specification.name" value="Java Virtual Machine Specification"/>
    <property name="java.awt.printerjob" value="sun.awt.windows.WPrinterJob"/>
    <property name="sun.os.patch.level" value=""/>
    <property name="java.library.path" value="F:\kit\jdk\jdk1.8.0_92-64\jre\bin;C:\WINDOWS\Sun\Java\bin;C:\WINDOWS\system32;C:\WINDOWS;C:\ProgramData\Oracle\Java\javapath;C:\Program Files (x86)\Intel\iCLS Client\;C:\Program Files\Intel\iCLS Client\;C:\Windows\system32;C:\Windows;C:\Windows\System32\Wbem;C:\Windows\System32\WindowsPowerShell\v1.0\;C:\Program Files (x86)\Intel\Intel(R) Management Engine Components\DAL;C:\Program Files\Intel\Intel(R) Management Engine Components\DAL;C:\Program Files (x86)\Intel\Intel(R) Management Engine Components\IPT;C:\Program Files\Intel\Intel(R) Management Engine Components\IPT;C:\Program Files (x86)\NVIDIA Corporation\PhysX\Common;D:\Program Files\Git\cmd;C:\WINDOWS\system32;C:\WINDOWS;C:\WINDOWS\System32\Wbem;C:\WINDOWS\System32\WindowsPowerShell\v1.0\;G:\Program Files\MySQL\MySQL Server 5.5\bin;F:\kit\jdk\jdk1.8.0_92-64\bin;C:\Program Files\VisualSVN Server\bin;C:\Program Files\TortoiseSVN\bin;D:\fanglixia\apache-maven-3.5.0\bin;;C:\WINDOWS\System32\OpenSSH\;C:\Users\thinkpad\AppData\Local\Microsoft\WindowsApps;;."/>
    <property name="java.vm.info" value="mixed mode"/>
    <property name="java.vendor" value="Oracle Corporation"/>
    <property name="java.vm.version" value="25.92-b14"/>
    <property name="java.ext.dirs" value="F:\kit\jdk\jdk1.8.0_92-64\jre\lib\ext;C:\WINDOWS\Sun\Java\lib\ext"/>
    <property name="sun.io.unicode.encoding" value="UnicodeLittle"/>
    <property name="java.class.version" value="52.0"/>
  </properties>
  <testcase name="shouldAnswerWithTrue" classname="com.gupaoedu.user.AppTest" time="0.002"/>
</testsuite>